========= Den Baum mit Zahlen Befüllen =========
Knoten 59 wird eingefügt...
Knoten 123 wird eingefügt...
Knoten 721 wird eingefügt...
Linksrotation bei Wert : 59
Knoten 367 wird eingefügt...
Knoten 293 wird eingefügt...
Rechtsrotation bei Wert : 721
Knoten 923 wird eingefügt...
Linksrotation bei Wert : 123
Knoten 346 wird eingefügt...
Knoten 775 wird eingefügt...
DoppelLinksrotation bei Wert : 721
Knoten 535 wird eingefügt...
Knoten 491 wird eingefügt...
Rechtsrotation bei Wert : 721
Knoten 178 wird eingefügt...
Knoten 507 wird eingefügt...
Rechtsrotation bei Wert : 775
Knoten 839 wird eingefügt...
Knoten 668 wird eingefügt...
Knoten 931 wird eingefügt...
Knoten 702 wird eingefügt...
DoppelRechtsrotation bei Wert : 721
Knoten 189 wird eingefügt...
DoppelLinksrotation bei Wert : 123
Knoten 442 wird eingefügt...
Knoten 928 wird eingefügt...
Linksrotation bei Wert : 535
Knoten 297 wird eingefügt...
Knoten 711 wird eingefügt...
Knoten 359 wird eingefügt...
Knoten 230 wird eingefügt...
Knoten 883 wird eingefügt...
Knoten 137 wird eingefügt...
Knoten 184 wird eingefügt...
Knoten 613 wird eingefügt...
Knoten 991 wird eingefügt...
Knoten 410 wird eingefügt...
Knoten 803 wird eingefügt...
Knoten 862 wird eingefügt...
Knoten 282 wird eingefügt...
DoppelLinksrotation bei Wert : 178
Knoten 698 wird eingefügt...
Knoten 227 wird eingefügt...
Knoten 144 wird eingefügt...
DoppelRechtsrotation bei Wert : 178
Knoten 640 wird eingefügt...
DoppelLinksrotation bei Wert : 367
Knoten 24 wird eingefügt...
Rechtsrotation bei Wert : 123
Knoten 546 wird eingefügt...
Knoten 347 wird eingefügt...
DoppelRechtsrotation bei Wert : 367
Knoten 192 wird eingefügt...
Knoten 101 wird eingefügt...
Knoten 838 wird eingefügt...
Knoten 946 wird eingefügt...
Knoten 785 wird eingefügt...
Knoten 354 wird eingefügt...
DoppelRechtsrotation bei Wert : 359
Knoten 700 wird eingefügt...
Knoten 989 wird eingefügt...
DoppelRechtsrotation bei Wert : 991
Knoten 855 wird eingefügt...
Rechtsrotation bei Wert : 883
Knoten 126 wird eingefügt...
Knoten 472 wird eingefügt...
Knoten 153 wird eingefügt...
Knoten 108 wird eingefügt...
DoppelLinksrotation bei Wert : 59
Knoten 718 wird eingefügt...
DoppelRechtsrotation bei Wert : 721
Knoten 496 wird eingefügt...
Knoten 309 wird eingefügt...
Knoten 194 wird eingefügt...
DoppelRechtsrotation bei Wert : 227
Knoten 173 wird eingefügt...
Linksrotation bei Wert : 144
Knoten 5 wird eingefügt...
Rechtsrotation bei Wert : 59
Knoten 756 wird eingefügt...
Knoten 218 wird eingefügt...
DoppelRechtsrotation bei Wert : 230
Knoten 596 wird eingefügt...
Knoten 493 wird eingefügt...
Rechtsrotation bei Wert : 507
Knoten 554 wird eingefügt...
DoppelLinksrotation bei Wert : 546
Knoten 135 wird eingefügt...
Rechtsrotation bei Wert : 189
Knoten 99 wird eingefügt...
Knoten 331 wird eingefügt...
Linksrotation bei Wert : 297
Knoten 986 wird eingefügt...
DoppelLinksrotation bei Wert : 931
Knoten 444 wird eingefügt...
Knoten 414 wird eingefügt...
Knoten 846 wird eingefügt...
Knoten 245 wird eingefügt...
DoppelLinksrotation bei Wert : 230
Knoten 914 wird eingefügt...
Knoten 729 wird eingefügt...
DoppelLinksrotation bei Wert : 721
Knoten 117 wird eingefügt...
Knoten 427 wird eingefügt...
Linksrotation bei Wert : 410
Knoten 660 wird eingefügt...
Knoten 103 wird eingefügt...
Knoten 67 wird eingefügt...
DoppelLinksrotation bei Wert : 59
Knoten 91 wird eingefügt...
Linksrotation bei Wert : 24
Knoten 259 wird eingefügt...
Knoten 550 wird eingefügt...
Rechtsrotation bei Wert : 668
Knoten 523 wird eingefügt...
Knoten 378 wird eingefügt...
DoppelLinksrotation bei Wert : 367
Knoten 0 wird eingefügt...
Knoten 638 wird eingefügt...
Knoten 633 wird eingefügt...
DoppelRechtsrotation bei Wert : 702
Knoten 232 wird eingefügt...
Knoten 441 wird eingefügt...
Knoten 699 wird eingefügt...
DoppelLinksrotation bei Wert : 698
Knoten 356 wird eingefügt...
Knoten 202 wird eingefügt...
Knoten 654 wird eingefügt...
Knoten 151 wird eingefügt...
Rechtsrotation bei Wert : 178
Knoten 514 wird eingefügt...
DoppelLinksrotation bei Wert : 507
Knoten 426 wird eingefügt...
Knoten 419 wird eingefügt...
Knoten 434 wird eingefügt...
Knoten 406 wird eingefügt...
DoppelRechtsrotation bei Wert : 410
Knoten 83 wird eingefügt...
Rechtsrotation bei Wert : 99
Knoten 191 wird eingefügt...
Knoten 52 wird eingefügt...
Knoten 397 wird eingefügt...
Knoten 100 wird eingefügt...
Knoten 566 wird eingefügt...
Knoten 371 wird eingefügt...
Knoten 859 wird eingefügt...
Knoten 737 wird eingefügt...
Linksrotation bei Wert : 718
Knoten 284 wird eingefügt...
Knoten 158 wird eingefügt...
Knoten 686 wird eingefügt...
Knoten 672 wird eingefügt...
Rechtsrotation bei Wert : 698
Knoten 769 wird eingefügt...
Knoten 580 wird eingefügt...
DoppelRechtsrotation bei Wert : 596
Knoten 734 wird eingefügt...
Knoten 826 wird eingefügt...
Knoten 592 wird eingefügt...
Knoten 922 wird eingefügt...
Linksrotation bei Wert : 883
Knoten 155 wird eingefügt...
Rechtsrotation bei Wert : 173
Knoten 431 wird eingefügt...
Rechtsrotation bei Wert : 441
Knoten 567 wird eingefügt...
Knoten 58 wird eingefügt...
DoppelRechtsrotation bei Wert : 59
Knoten 170 wird eingefügt...
DoppelRechtsrotation bei Wert : 178
Knoten 396 wird eingefügt...
DoppelRechtsrotation bei Wert : 406
Knoten 568 wird eingefügt...
Linksrotation bei Wert : 566
Knoten 326 wird eingefügt...
Knoten 510 wird eingefügt...
DoppelLinksrotation bei Wert : 496
Knoten 617 wird eingefügt...
Rechtsrotation bei Wert : 638
Knoten 570 wird eingefügt...
DoppelLinksrotation bei Wert : 554
Knoten 794 wird eingefügt...
Knoten 551 wird eingefügt...
Linksrotation bei Wert : 546
Knoten 160 wird eingefügt...
DoppelLinksrotation bei Wert : 153
Knoten 250 wird eingefügt...
Knoten 575 wird eingefügt...
Linksrotation bei Wert : 568
Knoten 526 wird eingefügt...
Linksrotation bei Wert : 491
Knoten 429 wird eingefügt...
DoppelRechtsrotation bei Wert : 442
Knoten 61 wird eingefügt...
Rechtsrotation bei Wert : 101
Knoten 270 wird eingefügt...
Knoten 124 wird eingefügt...
Knoten 64 wird eingefügt...
Linksrotation bei Wert : 59
Knoten 229 wird eingefügt...
Knoten 716 wird eingefügt...
Knoten 393 wird eingefügt...
Knoten 602 wird eingefügt...
Knoten 196 wird eingefügt...
Rechtsrotation bei Wert : 218
Knoten 384 wird eingefügt...
Rechtsrotation bei Wert : 396
Knoten 630 wird eingefügt...
Knoten 886 wird eingefügt...
DoppelRechtsrotation bei Wert : 923
Knoten 753 wird eingefügt...
Knoten 790 wird eingefügt...
DoppelLinksrotation bei Wert : 785
Knoten 254 wird eingefügt...
Rechtsrotation bei Wert : 282
Knoten 960 wird eingefügt...
Knoten 727 wird eingefügt...
Knoten 975 wird eingefügt...
DoppelRechtsrotation bei Wert : 986
Knoten 750 wird eingefügt...
DoppelRechtsrotation bei Wert : 756
Knoten 987 wird eingefügt...
DoppelRechtsrotation bei Wert : 989
Knoten 642 wird eingefügt...
Rechtsrotation bei Wert : 660
Knoten 919 wird eingefügt...
Knoten 892 wird eingefügt...
Linksrotation bei Wert : 883
Knoten 722 wird eingefügt...
DoppelLinksrotation bei Wert : 721
Knoten 338 wird eingefügt...
Knoten 817 wird eingefügt...
Rechtsrotation bei Wert : 838
Knoten 809 wird eingefügt...
DoppelRechtsrotation bei Wert : 839
Knoten 901 wird eingefügt...
Knoten 631 wird eingefügt...
Linksrotation bei Wert : 617
Knoten 12 wird eingefügt...
Knoten 731 wird eingefügt...
Linksrotation bei Wert : 702
Knoten 215 wird eingefügt...
Knoten 696 wird eingefügt...
DoppelRechtsrotation bei Wert : 699
Knoten 54 wird eingefügt...
Knoten 534 wird eingefügt...
Linksrotation bei Wert : 523
Knoten 887 wird eingefügt...
Knoten 237 wird eingefügt...
Knoten 216 wird eingefügt...
DoppelRechtsrotation bei Wert : 218
Knoten 113 wird eingefügt...
Knoten 318 wird eingefügt...
DoppelLinksrotation bei Wert : 309
Knoten 452 wird eingefügt...
DoppelRechtsrotation bei Wert : 472
Knoten 311 wird eingefügt...
Knoten 626 wird eingefügt...
Rechtsrotation bei Wert : 633
Knoten 870 wird eingefügt...
Knoten 463 wird eingefügt...
Knoten 164 wird eingefügt...
DoppelRechtsrotation bei Wert : 170
Knoten 280 wird eingefügt...
Linksrotation bei Wert : 189
Knoten 656 wird eingefügt...
Knoten 214 wird eingefügt...
DoppelLinksrotation bei Wert : 202
Knoten 42 wird eingefügt...
Knoten 569 wird eingefügt...
Knoten 487 wird eingefügt...
Knoten 996 wird eingefügt...
Linksrotation bei Wert : 946
Knoten 663 wird eingefügt...
Knoten 156 wird eingefügt...
Knoten 118 wird eingefügt...
Knoten 342 wird eingefügt...
Linksrotation bei Wert : 331
Knoten 969 wird eingefügt...
DoppelRechtsrotation bei Wert : 975
Knoten 822 wird eingefügt...
Knoten 443 wird eingefügt...
Knoten 198 wird eingefügt...
DoppelLinksrotation bei Wert : 194
Knoten 930 wird eingefügt...
DoppelRechtsrotation bei Wert : 931
Knoten 422 wird eingefügt...
DoppelRechtsrotation bei Wert : 426
Knoten 374 wird eingefügt...
Knoten 990 wird eingefügt...
Knoten 627 wird eingefügt...
Linksrotation bei Wert : 617
Knoten 239 wird eingefügt...
Linksrotation bei Wert : 232
Knoten 295 wird eingefügt...
Knoten 917 wird eingefügt...
Rechtsrotation bei Wert : 922
Knoten 531 wird eingefügt...
Linksrotation bei Wert : 514
Knoten 140 wird eingefügt...
Knoten 139 wird eingefügt...
Knoten 765 wird eingefügt...
DoppelLinksrotation bei Wert : 756
Knoten 385 wird eingefügt...
DoppelRechtsrotation bei Wert : 397
Knoten 263 wird eingefügt...
Knoten 439 wird eingefügt...
Knoten 856 wird eingefügt...
Linksrotation bei Wert : 839
Knoten 122 wird eingefügt...
Linksrotation bei Wert : 108
Knoten 732 wird eingefügt...
DoppelRechtsrotation bei Wert : 734
Knoten 880 wird eingefügt...
DoppelRechtsrotation bei Wert : 883
Knoten 671 wird eingefügt...
Knoten 389 wird eingefügt...
Linksrotation bei Wert : 384
Knoten 963 wird eingefügt...
Linksrotation bei Wert : 862
Knoten 516 wird eingefügt...
Knoten 453 wird eingefügt...
DoppelRechtsrotation bei Wert : 491
Knoten 597 wird eingefügt...
Knoten 552 wird eingefügt...
DoppelRechtsrotation bei Wert : 554
Knoten 332 wird eingefügt...
Knoten 146 wird eingefügt...
Knoten 687 wird eingefügt...
Knoten 792 wird eingefügt...
Knoten 847 wird eingefügt...
Knoten 28 wird eingefügt...
DoppelLinksrotation bei Wert : 24
Knoten 659 wird eingefügt...
DoppelLinksrotation bei Wert : 654
Knoten 532 wird eingefügt...
DoppelRechtsrotation bei Wert : 534
Knoten 667 wird eingefügt...
Knoten 382 wird eingefügt...
Knoten 235 wird eingefügt...
DoppelLinksrotation bei Wert : 230
Knoten 926 wird eingefügt...
Knoten 503 wird eingefügt...
Knoten 460 wird eingefügt...
DoppelRechtsrotation bei Wert : 463
Knoten 915 wird eingefügt...
Knoten 695 wird eingefügt...
DoppelRechtsrotation bei Wert : 696
Knoten 18 wird eingefügt...
Knoten 867 wird eingefügt...
Knoten 304 wird eingefügt...
Knoten 896 wird eingefügt...
Knoten 104 wird eingefügt...
Rechtsrotation bei Wert : 123
Knoten 6 wird eingefügt...
Knoten 645 wird eingefügt...
DoppelRechtsrotation bei Wert : 654
Knoten 327 wird eingefügt...
Knoten 375 wird eingefügt...
Linksrotation bei Wert : 371
Knoten 955 wird eingefügt...
Knoten 387 wird eingefügt...
Knoten 980 wird eingefügt...
Knoten 670 wird eingefügt...
Rechtsrotation bei Wert : 672
Knoten 807 wird eingefügt...
Knoten 152 wird eingefügt...
Knoten 694 wird eingefügt...
DoppelRechtsrotation bei Wert : 698
Knoten 891 wird eingefügt...
Knoten 947 wird eingefügt...
DoppelRechtsrotation bei Wert : 986
================================================

===== Ausgabe nach dem Befüllen des Baumes =====
preorder: 535 293 137 67 52 24 5 0 12 6 18 42 28 58 54 61 59 64 101 91 83 99 100 117 108 103 104 113 123 118 122 126 124 135 227 189 158 153 144 140 139 151 146 152 155 156 173 164 160 170 178 184 202 194 192 191 196 198 215 214 216 218 245 232 230 229 237 235 239 259 250 254 282 270 263 280 284 414 367 346 326 309 297 295 304 318 311 338 331 327 332 342 354 347 359 356 393 378 374 371 375 385 384 382 389 387 397 396 406 410 442 427 422 419 426 434 431 429 441 439 507 472 452 444 443 460 453 463 491 487 496 493 503 526 514 510 523 516 532 531 534 775 668 613 567 551 550 546 554 552 566 580 570 568 569 575 596 592 602 597 640 630 626 617 627 633 631 638 656 645 642 654 660 659 663 667 729 702 695 686 671 670 672 687 694 698 696 699 700 718 711 716 722 721 727 753 737 732 731 734 750 765 756 769 923 862 826 803 790 785 794 792 817 809 807 822 855 839 838 846 847 859 856 914 886 880 870 867 883 892 887 891 901 896 919 917 915 922 969 946 930 928 926 931 960 955 947 963 986 975 980 989 987 991 990 996
inorder: 0 5 6 12 18 24 28 42 52 54 58 59 61 64 67 83 91 99 100 101 103 104 108 113 117 118 122 123 124 126 135 137 139 140 144 146 151 152 153 155 156 158 160 164 170 173 178 184 189 191 192 194 196 198 202 214 215 216 218 227 229 230 232 235 237 239 245 250 254 259 263 270 280 282 284 293 295 297 304 309 311 318 326 327 331 332 338 342 346 347 354 356 359 367 371 374 375 378 382 384 385 387 389 393 396 397 406 410 414 419 422 426 427 429 431 434 439 441 442 443 444 452 453 460 463 472 487 491 493 496 503 507 510 514 516 523 526 531 532 534 535 546 550 551 552 554 566 567 568 569 570 575 580 592 596 597 602 613 617 626 627 630 631 633 638 640 642 645 654 656 659 660 663 667 668 670 671 672 686 687 694 695 696 698 699 700 702 711 716 718 721 722 727 729 731 732 734 737 750 753 756 765 769 775 785 790 792 794 803 807 809 817 822 826 838 839 846 847 855 856 859 862 867 870 880 883 886 887 891 892 896 901 914 915 917 919 922 923 926 928 930 931 946 947 955 960 963 969 975 980 986 987 989 990 991 996
postorder: 0 6 18 12 5 28 42 24 54 59 64 61 58 52 83 100 99 91 104 103 113 108 122 118 124 135 126 123 117 101 67 139 140 146 152 151 144 156 155 153 160 170 164 184 178 173 158 191 192 198 196 194 214 218 216 215 202 189 229 230 235 239 237 232 254 250 263 280 270 284 282 259 245 227 137 295 304 297 311 318 309 327 332 331 342 338 326 347 356 359 354 346 371 375 374 382 384 387 389 385 378 396 410 406 397 393 367 419 426 422 429 431 439 441 434 427 443 444 453 463 460 452 487 493 503 496 491 472 510 516 523 514 531 534 532 526 507 442 414 293 546 550 552 566 554 551 569 568 575 570 592 597 602 596 580 567 617 627 626 631 638 633 630 642 654 645 659 667 663 660 656 640 613 670 672 671 694 687 686 696 700 699 698 695 716 711 721 727 722 718 702 731 734 732 750 737 756 769 765 753 729 668 785 792 794 790 807 809 822 817 803 838 847 846 839 856 859 855 826 867 870 883 880 891 887 896 901 892 886 915 917 922 919 914 862 926 928 931 930 947 955 963 960 946 980 975 987 990 996 991 989 986 969 923 775 535
================================================

======== 25 Knoten aus dem Baum löschen ========
4 Der Wert 367 wurde entfernt
4 Der Wert 173 wurde entfernt
4 Der Wert 270 wurde entfernt
1 Der Wert 429 wurde entfernt
Linksrotation bei Wert : 442
1 Der Wert 439 wurde entfernt
4 Der Wert 237 wurde entfernt
4 Der Wert 626 wurde entfernt
4 Der Wert 496 wurde entfernt
Linksrotation bei Wert : 491
1 Der Wert 487 wurde entfernt
Rechtsrotation bei Wert : 914
3 Der Wert 917 wurde entfernt
4 Der Wert 194 wurde entfernt
1 Der Wert 146 wurde entfernt
4 Der Wert 158 wurde entfernt
4 Der Wert 378 wurde entfernt
1 Der Wert 441 wurde entfernt
4 Der Wert 309 wurde entfernt
Rechtsrotation bei Wert : 346
1 Der Wert 124 wurde entfernt
4 Der Wert 633 wurde entfernt
4 Der Wert 153 wurde entfernt
4 Der Wert 775 wurde entfernt
4 Der Wert 227 wurde entfernt
4 Der Wert 645 wurde entfernt
1 Der Wert 546 wurde entfernt
4 Der Wert 442 wurde entfernt
1 Der Wert 915 wurde entfernt
================================================

===== Ausgabe nach dem Löschen der 25 Werte ====
preorder: 535 293 137 67 52 24 5 0 12 6 18 42 28 58 54 61 59 64 101 91 83 99 100 117 108 103 104 113 123 118 122 126 135 218 189 156 152 144 140 139 151 155 170 164 160 178 184 202 192 191 196 198 215 214 216 245 232 230 229 235 239 259 250 254 282 263 280 284 414 359 326 304 297 295 318 311 346 338 331 327 332 342 354 347 356 393 375 374 371 385 384 382 389 387 397 396 406 410 507 434 427 422 419 426 431 472 452 444 443 460 453 463 493 491 503 526 514 510 523 516 532 531 534 769 668 613 567 551 550 554 552 566 580 570 568 569 575 596 592 602 597 640 630 617 627 631 638 656 642 654 660 659 663 667 729 702 695 686 671 670 672 687 694 698 696 699 700 718 711 716 722 721 727 753 737 732 731 734 750 765 756 923 862 826 803 790 785 794 792 817 809 807 822 855 839 838 846 847 859 856 886 880 870 867 883 914 892 887 891 901 896 919 922 969 946 930 928 926 931 960 955 947 963 986 975 980 989 987 991 990 996
inorder: 0 5 6 12 18 24 28 42 52 54 58 59 61 64 67 83 91 99 100 101 103 104 108 113 117 118 122 123 126 135 137 139 140 144 151 152 155 156 160 164 170 178 184 189 191 192 196 198 202 214 215 216 218 229 230 232 235 239 245 250 254 259 263 280 282 284 293 295 297 304 311 318 326 327 331 332 338 342 346 347 354 356 359 371 374 375 382 384 385 387 389 393 396 397 406 410 414 419 422 426 427 431 434 443 444 452 453 460 463 472 491 493 503 507 510 514 516 523 526 531 532 534 535 550 551 552 554 566 567 568 569 570 575 580 592 596 597 602 613 617 627 630 631 638 640 642 654 656 659 660 663 667 668 670 671 672 686 687 694 695 696 698 699 700 702 711 716 718 721 722 727 729 731 732 734 737 750 753 756 765 769 785 790 792 794 803 807 809 817 822 826 838 839 846 847 855 856 859 862 867 870 880 883 886 887 891 892 896 901 914 919 922 923 926 928 930 931 946 947 955 960 963 969 975 980 986 987 989 990 991 996
postorder: 0 6 18 12 5 28 42 24 54 59 64 61 58 52 83 100 99 91 104 103 113 108 122 118 135 126 123 117 101 67 139 140 151 144 155 152 160 164 184 178 170 156 191 198 196 192 214 216 215 202 189 229 230 239 235 232 254 250 280 263 284 282 259 245 218 137 295 297 311 318 304 327 332 331 342 338 347 356 354 346 326 371 374 382 384 387 389 385 375 396 410 406 397 393 359 419 426 422 431 427 443 444 453 463 460 452 491 503 493 472 434 510 516 523 514 531 534 532 526 507 414 293 550 552 566 554 551 569 568 575 570 592 597 602 596 580 567 627 617 638 631 630 654 642 659 667 663 660 656 640 613 670 672 671 694 687 686 696 700 699 698 695 716 711 721 727 722 718 702 731 734 732 750 737 756 765 753 729 668 785 792 794 790 807 809 822 817 803 838 847 846 839 856 859 855 826 867 870 883 880 891 887 896 901 892 922 919 914 886 862 926 928 931 930 947 955 963 960 946 980 975 987 990 996 991 989 986 969 923 769 535
================================================

======= Ausgabe der verschiedenen Summen =======
Die Summe der Funktion summePre lautet        : 116058
Die Summe der Funktion summePost lautet       : 116058
Zur Kontrolle: Die Summe aller Zahlen lautet  : 116058
================================================

